<?xml version="1.0" encoding="UTF-8"?>
<testng-results skipped="0" failed="0" ignored="0" total="1" passed="1">
  <reporter-output>
  </reporter-output>
  <suite name="Default suite" duration-ms="14939" started-at="2019-08-31T16:41:43Z" finished-at="2019-08-31T16:41:58Z">
    <groups>
    </groups>
    <test name="Default test" duration-ms="14939" started-at="2019-08-31T16:41:43Z" finished-at="2019-08-31T16:41:58Z">
      <class name="Zavrsni.TestZavrsni6">
        <test-method status="PASS" signature="setup()[pri:0, instance:Zavrsni.TestZavrsni6@6f7fd0e6]" name="setup" is-config="true" duration-ms="4620" started-at="2019-08-31T16:41:43Z" finished-at="2019-08-31T16:41:48Z">
          <reporter-output>
          </reporter-output>
        </test-method> <!-- setup -->
        <test-method status="PASS" signature="Test()[pri:0, instance:Zavrsni.TestZavrsni6@6f7fd0e6]" name="Test" duration-ms="10306" started-at="2019-08-31T16:41:48Z" finished-at="2019-08-31T16:41:58Z">
          <reporter-output>
          </reporter-output>
        </test-method> <!-- Test -->
      </class> <!-- Zavrsni.TestZavrsni6 -->
    </test> <!-- Default test -->
  </suite> <!-- Default suite -->
</testng-results>
